<?xml version="1.0" encoding="UTF-8"?>
<!-- Generated by org.testng.reporters.JUnitXMLReporter -->
<testsuite ignored="0" hostname="Babitha" failures="2" tests="5" name="Test1" time="57.972" errors="0" timestamp="2022-10-14T14:06:17 IST">
  <testcase classname="com.NetBanking.TestCases.TC_Login_001" name="Valid" time="6.793"/>
  <testcase classname="com.NetBanking.TestCases.TC_Login_002" name="InValiduserid" time="1.26">
    <failure type="java.lang.AssertionError" message="expected [] but found [Guru99 Bank Home Page]">
      <![CDATA[java.lang.AssertionError: expected [] but found [Guru99 Bank Home Page]
at com.NetBanking.TestCases.TC_Login_002.InValiduserid(TC_Login_002.java:20)
at java.base/java.util.ArrayList.forEach(ArrayList.java:1541)
... Removed 33 stack frames]]>
    </failure>
  </testcase> <!-- InValiduserid -->
  <testcase classname="com.NetBanking.TestCases.TC_Login_003" name="InValidpassword" time="1.208">
    <failure type="java.lang.AssertionError" message="expected [] but found [Guru99 Bank Home Page]">
      <![CDATA[java.lang.AssertionError: expected [] but found [Guru99 Bank Home Page]
at com.NetBanking.TestCases.TC_Login_003.InValidpassword(TC_Login_003.java:19)
at java.base/java.util.ArrayList.forEach(ArrayList.java:1541)
... Removed 33 stack frames]]>
    </failure>
  </testcase> <!-- InValidpassword -->
  <testcase classname="com.NetBanking.TestCases.TC_Login_004" name="Reset" time="0.332"/>
  <testcase classname="com.NetBanking.TestCases.TC_Login_005" name="ValidRegister" time="2.751"/>
</testsuite> <!-- Test1 -->
