<?xml version="1.0" encoding="UTF-8"?>
<!-- Generated by org.testng.reporters.JUnitXMLReporter -->
<testsuite ignored="0" hostname="Babitha" failures="1" tests="7" name="Test" time="44.172" errors="0" timestamp="16 Oct 2022 22:47:06 GMT">
  <testcase classname="com.NetBanking.TestCases.TC_Login_001" name="Valid" time="3.36"/>
  <testcase classname="com.NetBanking.TestCases.TC_Login_003" name="loginDDT" time="4.686"/>
  <testcase classname="com.NetBanking.TestCases.TC_Login_003" name="loginDDT" time="2.508"/>
  <testcase classname="com.NetBanking.TestCases.TC_Login_003" name="loginDDT" time="3.977"/>
  <testcase classname="com.NetBanking.TestCases.TC_Login_003" name="loginDDT" time="2.976"/>
  <testcase classname="com.NetBanking.TestCases.TC_Login_003" name="loginDDT" time="2.482"/>
  <testcase classname="com.NetBanking.TestCases.TC_Login_005" name="ValidRegister" time="0.663">
    <failure type="java.lang.AssertionError" message="expected [true] but found [false]">
      <![CDATA[java.lang.AssertionError: expected [true] but found [false]
at com.NetBanking.TestCases.TC_Login_005.ValidRegister(TC_Login_005.java:30)
... Removed 29 stack frames]]>
    </failure>
  </testcase> <!-- ValidRegister -->
</testsuite> <!-- Test -->
