<?xml version="1.0" encoding="UTF-8"?>
<testng-results ignored="0" total="7" passed="5" failed="2" skipped="0">
  <reporter-output>
  </reporter-output>
  <suite started-at="2022-10-16T22:59:49Z" name="Suite" finished-at="2022-10-16T23:00:49Z" duration-ms="60094">
    <groups>
    </groups>
    <test started-at="2022-10-16T22:59:49Z" name="Test" finished-at="2022-10-16T23:00:49Z" duration-ms="60094">
      <class name="com.NetBanking.TestCases.TC_Login_005">
        <test-method is-config="true" signature="Setup(java.lang.String)[pri:0, instance:com.NetBanking.TestCases.TC_Login_005@48d61b48]" started-at="2022-10-16T23:00:39Z" name="Setup" finished-at="2022-10-16T23:00:46Z" duration-ms="6192" status="PASS">
          <params>
            <param index="0">
              <value>
                <![CDATA[chrome]]>
              </value>
            </param>
          </params>
          <reporter-output>
          </reporter-output>
        </test-method> <!-- Setup -->
        <test-method signature="ValidRegister()[pri:0, instance:com.NetBanking.TestCases.TC_Login_005@48d61b48]" started-at="2022-10-16T23:00:46Z" name="ValidRegister" finished-at="2022-10-16T23:00:48Z" duration-ms="2942" status="FAIL">
          <exception class="java.lang.AssertionError">
            <message>
              <![CDATA[null]]>
            </message>
            <full-stacktrace>
              <![CDATA[java.lang.AssertionError: null
at org.testng.Assert.fail(Assert.java:96)
at org.testng.Assert.fail(Assert.java:103)
at com.NetBanking.TestCases.TC_Login_005.ValidRegister(TC_Login_005.java:25)
at java.base/jdk.internal.reflect.NativeMethodAccessorImpl.invoke0(Native Method)
at java.base/jdk.internal.reflect.NativeMethodAccessorImpl.invoke(NativeMethodAccessorImpl.java:62)
at java.base/jdk.internal.reflect.DelegatingMethodAccessorImpl.invoke(DelegatingMethodAccessorImpl.java:43)
at java.base/java.lang.reflect.Method.invoke(Method.java:566)
at org.testng.internal.MethodInvocationHelper.invokeMethod(MethodInvocationHelper.java:124)
at org.testng.internal.Invoker.invokeMethod(Invoker.java:583)
at org.testng.internal.Invoker.invokeTestMethod(Invoker.java:719)
at org.testng.internal.Invoker.invokeTestMethods(Invoker.java:989)
at org.testng.internal.TestMethodWorker.invokeTestMethods(TestMethodWorker.java:125)
at org.testng.internal.TestMethodWorker.run(TestMethodWorker.java:109)
at org.testng.TestRunner.privateRun(TestRunner.java:648)
at org.testng.TestRunner.run(TestRunner.java:505)
at org.testng.SuiteRunner.runTest(SuiteRunner.java:455)
at org.testng.SuiteRunner.runSequentially(SuiteRunner.java:450)
at org.testng.SuiteRunner.privateRun(SuiteRunner.java:415)
at org.testng.SuiteRunner.run(SuiteRunner.java:364)
at org.testng.SuiteRunnerWorker.runSuite(SuiteRunnerWorker.java:52)
at org.testng.SuiteRunnerWorker.run(SuiteRunnerWorker.java:84)
at org.testng.TestNG.runSuitesSequentially(TestNG.java:1208)
at org.testng.TestNG.runSuitesLocally(TestNG.java:1137)
at org.testng.TestNG.runSuites(TestNG.java:1049)
at org.testng.TestNG.run(TestNG.java:1017)
at org.apache.maven.surefire.testng.TestNGExecutor.run(TestNGExecutor.java:324)
at org.apache.maven.surefire.testng.TestNGXmlTestSuite.execute(TestNGXmlTestSuite.java:74)
at org.apache.maven.surefire.testng.TestNGProvider.invoke(TestNGProvider.java:123)
at org.apache.maven.surefire.booter.ForkedBooter.runSuitesInProcess(ForkedBooter.java:456)
at org.apache.maven.surefire.booter.ForkedBooter.execute(ForkedBooter.java:169)
at org.apache.maven.surefire.booter.ForkedBooter.run(ForkedBooter.java:595)
at org.apache.maven.surefire.booter.ForkedBooter.main(ForkedBooter.java:581)
]]>
            </full-stacktrace>
          </exception> <!-- java.lang.AssertionError -->
          <reporter-output>
          </reporter-output>
        </test-method> <!-- ValidRegister -->
        <test-method is-config="true" signature="Teardown()[pri:0, instance:com.NetBanking.TestCases.TC_Login_005@48d61b48]" started-at="2022-10-16T23:00:48Z" name="Teardown" finished-at="2022-10-16T23:00:49Z" duration-ms="189" status="PASS">
          <reporter-output>
          </reporter-output>
        </test-method> <!-- Teardown -->
      </class> <!-- com.NetBanking.TestCases.TC_Login_005 -->
      <class name="com.NetBanking.TestCases.TC_Login_001">
        <test-method is-config="true" signature="Setup(java.lang.String)[pri:0, instance:com.NetBanking.TestCases.TC_Login_001@282cb7c7]" started-at="2022-10-16T22:59:49Z" name="Setup" finished-at="2022-10-16T22:59:55Z" duration-ms="6584" status="PASS">
          <params>
            <param index="0">
              <value>
                <![CDATA[chrome]]>
              </value>
            </param>
          </params>
          <reporter-output>
          </reporter-output>
        </test-method> <!-- Setup -->
        <test-method signature="Valid()[pri:0, instance:com.NetBanking.TestCases.TC_Login_001@282cb7c7]" started-at="2022-10-16T22:59:55Z" name="Valid" finished-at="2022-10-16T23:00:12Z" duration-ms="16817" status="FAIL">
          <exception class="java.lang.AssertionError">
            <message>
              <![CDATA[expected [true] but found [false]]]>
            </message>
            <full-stacktrace>
              <![CDATA[java.lang.AssertionError: expected [true] but found [false]
at org.testng.Assert.fail(Assert.java:96)
at org.testng.Assert.failNotEquals(Assert.java:776)
at org.testng.Assert.assertTrue(Assert.java:44)
at org.testng.Assert.assertTrue(Assert.java:54)
at com.NetBanking.TestCases.TC_Login_001.Valid(TC_Login_001.java:29)
at java.base/jdk.internal.reflect.NativeMethodAccessorImpl.invoke0(Native Method)
at java.base/jdk.internal.reflect.NativeMethodAccessorImpl.invoke(NativeMethodAccessorImpl.java:62)
at java.base/jdk.internal.reflect.DelegatingMethodAccessorImpl.invoke(DelegatingMethodAccessorImpl.java:43)
at java.base/java.lang.reflect.Method.invoke(Method.java:566)
at org.testng.internal.MethodInvocationHelper.invokeMethod(MethodInvocationHelper.java:124)
at org.testng.internal.Invoker.invokeMethod(Invoker.java:583)
at org.testng.internal.Invoker.invokeTestMethod(Invoker.java:719)
at org.testng.internal.Invoker.invokeTestMethods(Invoker.java:989)
at org.testng.internal.TestMethodWorker.invokeTestMethods(TestMethodWorker.java:125)
at org.testng.internal.TestMethodWorker.run(TestMethodWorker.java:109)
at org.testng.TestRunner.privateRun(TestRunner.java:648)
at org.testng.TestRunner.run(TestRunner.java:505)
at org.testng.SuiteRunner.runTest(SuiteRunner.java:455)
at org.testng.SuiteRunner.runSequentially(SuiteRunner.java:450)
at org.testng.SuiteRunner.privateRun(SuiteRunner.java:415)
at org.testng.SuiteRunner.run(SuiteRunner.java:364)
at org.testng.SuiteRunnerWorker.runSuite(SuiteRunnerWorker.java:52)
at org.testng.SuiteRunnerWorker.run(SuiteRunnerWorker.java:84)
at org.testng.TestNG.runSuitesSequentially(TestNG.java:1208)
at org.testng.TestNG.runSuitesLocally(TestNG.java:1137)
at org.testng.TestNG.runSuites(TestNG.java:1049)
at org.testng.TestNG.run(TestNG.java:1017)
at org.apache.maven.surefire.testng.TestNGExecutor.run(TestNGExecutor.java:324)
at org.apache.maven.surefire.testng.TestNGXmlTestSuite.execute(TestNGXmlTestSuite.java:74)
at org.apache.maven.surefire.testng.TestNGProvider.invoke(TestNGProvider.java:123)
at org.apache.maven.surefire.booter.ForkedBooter.runSuitesInProcess(ForkedBooter.java:456)
at org.apache.maven.surefire.booter.ForkedBooter.execute(ForkedBooter.java:169)
at org.apache.maven.surefire.booter.ForkedBooter.run(ForkedBooter.java:595)
at org.apache.maven.surefire.booter.ForkedBooter.main(ForkedBooter.java:581)
]]>
            </full-stacktrace>
          </exception> <!-- java.lang.AssertionError -->
          <reporter-output>
          </reporter-output>
        </test-method> <!-- Valid -->
        <test-method is-config="true" signature="Teardown()[pri:0, instance:com.NetBanking.TestCases.TC_Login_001@282cb7c7]" started-at="2022-10-16T23:00:12Z" name="Teardown" finished-at="2022-10-16T23:00:12Z" duration-ms="310" status="PASS">
          <reporter-output>
          </reporter-output>
        </test-method> <!-- Teardown -->
      </class> <!-- com.NetBanking.TestCases.TC_Login_001 -->
      <class name="com.NetBanking.TestCases.TC_Login_003">
        <test-method is-config="true" signature="Setup(java.lang.String)[pri:0, instance:com.NetBanking.TestCases.TC_Login_003@7d898981]" started-at="2022-10-16T23:00:12Z" name="Setup" finished-at="2022-10-16T23:00:19Z" duration-ms="6330" status="PASS">
          <params>
            <param index="0">
              <value>
                <![CDATA[chrome]]>
              </value>
            </param>
          </params>
          <reporter-output>
          </reporter-output>
        </test-method> <!-- Setup -->
        <test-method signature="loginDDT(java.lang.String, java.lang.String)[pri:0, instance:com.NetBanking.TestCases.TC_Login_003@7d898981]" started-at="2022-10-16T23:00:20Z" name="loginDDT" data-provider="TestData" finished-at="2022-10-16T23:00:26Z" duration-ms="6151" status="PASS">
          <params>
            <param index="0">
              <value>
                <![CDATA[mngr447045]]>
              </value>
            </param>
            <param index="1">
              <value>
                <![CDATA[vedUjuj]]>
              </value>
            </param>
          </params>
          <reporter-output>
          </reporter-output>
        </test-method> <!-- loginDDT -->
        <test-method signature="loginDDT(java.lang.String, java.lang.String)[pri:0, instance:com.NetBanking.TestCases.TC_Login_003@7d898981]" started-at="2022-10-16T23:00:26Z" name="loginDDT" data-provider="TestData" finished-at="2022-10-16T23:00:28Z" duration-ms="2367" status="PASS">
          <params>
            <param index="0">
              <value>
                <![CDATA[mngr447047]]>
              </value>
            </param>
            <param index="1">
              <value>
                <![CDATA[vedUjuk]]>
              </value>
            </param>
          </params>
          <reporter-output>
          </reporter-output>
        </test-method> <!-- loginDDT -->
        <test-method signature="loginDDT(java.lang.String, java.lang.String)[pri:0, instance:com.NetBanking.TestCases.TC_Login_003@7d898981]" started-at="2022-10-16T23:00:28Z" name="loginDDT" data-provider="TestData" finished-at="2022-10-16T23:00:33Z" duration-ms="5165" status="PASS">
          <params>
            <param index="0">
              <value>
                <![CDATA[mngr447045]]>
              </value>
            </param>
            <param index="1">
              <value>
                <![CDATA[vedUjuj]]>
              </value>
            </param>
          </params>
          <reporter-output>
          </reporter-output>
        </test-method> <!-- loginDDT -->
        <test-method signature="loginDDT(java.lang.String, java.lang.String)[pri:0, instance:com.NetBanking.TestCases.TC_Login_003@7d898981]" started-at="2022-10-16T23:00:33Z" name="loginDDT" data-provider="TestData" finished-at="2022-10-16T23:00:36Z" duration-ms="2261" status="PASS">
          <params>
            <param index="0">
              <value>
                <![CDATA[mngr447046]]>
              </value>
            </param>
            <param index="1">
              <value>
                <![CDATA[vedUjuk]]>
              </value>
            </param>
          </params>
          <reporter-output>
          </reporter-output>
        </test-method> <!-- loginDDT -->
        <test-method signature="loginDDT(java.lang.String, java.lang.String)[pri:0, instance:com.NetBanking.TestCases.TC_Login_003@7d898981]" started-at="2022-10-16T23:00:36Z" name="loginDDT" data-provider="TestData" finished-at="2022-10-16T23:00:39Z" duration-ms="3463" status="PASS">
          <params>
            <param index="0">
              <value>
                <![CDATA[mngr447046]]>
              </value>
            </param>
            <param index="1">
              <value>
                <![CDATA[vedUjuj]]>
              </value>
            </param>
          </params>
          <reporter-output>
          </reporter-output>
        </test-method> <!-- loginDDT -->
        <test-method is-config="true" signature="Teardown()[pri:0, instance:com.NetBanking.TestCases.TC_Login_003@7d898981]" started-at="2022-10-16T23:00:39Z" name="Teardown" finished-at="2022-10-16T23:00:39Z" duration-ms="308" status="PASS">
          <reporter-output>
          </reporter-output>
        </test-method> <!-- Teardown -->
      </class> <!-- com.NetBanking.TestCases.TC_Login_003 -->
    </test> <!-- Test -->
  </suite> <!-- Suite -->
</testng-results>
