<?xml version="1.0" encoding="UTF-8"?>
<testng-results ignored="0" total="7" passed="6" failed="1" skipped="0">
  <reporter-output>
  </reporter-output>
  <suite started-at="2022-10-16T22:46:22Z" name="Suite" finished-at="2022-10-16T22:47:06Z" duration-ms="44172">
    <groups>
    </groups>
    <test started-at="2022-10-16T22:46:22Z" name="Test" finished-at="2022-10-16T22:47:06Z" duration-ms="44172">
      <class name="com.NetBanking.TestCases.TC_Login_005">
        <test-method is-config="true" signature="Setup(java.lang.String)[pri:0, instance:com.NetBanking.TestCases.TC_Login_005@2421cc4]" started-at="2022-10-16T22:46:57Z" name="Setup" finished-at="2022-10-16T22:47:06Z" duration-ms="8906" status="PASS">
          <params>
            <param index="0">
              <value>
                <![CDATA[chrome]]>
              </value>
            </param>
          </params>
          <reporter-output>
          </reporter-output>
        </test-method> <!-- Setup -->
        <test-method signature="ValidRegister()[pri:0, instance:com.NetBanking.TestCases.TC_Login_005@2421cc4]" started-at="2022-10-16T22:47:06Z" name="ValidRegister" finished-at="2022-10-16T22:47:06Z" duration-ms="663" status="FAIL">
          <exception class="java.lang.AssertionError">
            <message>
              <![CDATA[expected [true] but found [false]]]>
            </message>
            <full-stacktrace>
              <![CDATA[java.lang.AssertionError: expected [true] but found [false]
at org.testng.Assert.fail(Assert.java:96)
at org.testng.Assert.failNotEquals(Assert.java:776)
at org.testng.Assert.assertTrue(Assert.java:44)
at org.testng.Assert.assertTrue(Assert.java:54)
at com.NetBanking.TestCases.TC_Login_005.ValidRegister(TC_Login_005.java:30)
at java.base/jdk.internal.reflect.NativeMethodAccessorImpl.invoke0(Native Method)
at java.base/jdk.internal.reflect.NativeMethodAccessorImpl.invoke(NativeMethodAccessorImpl.java:62)
at java.base/jdk.internal.reflect.DelegatingMethodAccessorImpl.invoke(DelegatingMethodAccessorImpl.java:43)
at java.base/java.lang.reflect.Method.invoke(Method.java:566)
at org.testng.internal.MethodInvocationHelper.invokeMethod(MethodInvocationHelper.java:124)
at org.testng.internal.Invoker.invokeMethod(Invoker.java:583)
at org.testng.internal.Invoker.invokeTestMethod(Invoker.java:719)
at org.testng.internal.Invoker.invokeTestMethods(Invoker.java:989)
at org.testng.internal.TestMethodWorker.invokeTestMethods(TestMethodWorker.java:125)
at org.testng.internal.TestMethodWorker.run(TestMethodWorker.java:109)
at org.testng.TestRunner.privateRun(TestRunner.java:648)
at org.testng.TestRunner.run(TestRunner.java:505)
at org.testng.SuiteRunner.runTest(SuiteRunner.java:455)
at org.testng.SuiteRunner.runSequentially(SuiteRunner.java:450)
at org.testng.SuiteRunner.privateRun(SuiteRunner.java:415)
at org.testng.SuiteRunner.run(SuiteRunner.java:364)
at org.testng.SuiteRunnerWorker.runSuite(SuiteRunnerWorker.java:52)
at org.testng.SuiteRunnerWorker.run(SuiteRunnerWorker.java:84)
at org.testng.TestNG.runSuitesSequentially(TestNG.java:1208)
at org.testng.TestNG.runSuitesLocally(TestNG.java:1137)
at org.testng.TestNG.runSuites(TestNG.java:1049)
at org.testng.TestNG.run(TestNG.java:1017)
at org.testng.remote.AbstractRemoteTestNG.run(AbstractRemoteTestNG.java:115)
at org.testng.remote.RemoteTestNG.initAndRun(RemoteTestNG.java:251)
at org.testng.remote.RemoteTestNG.main(RemoteTestNG.java:77)
]]>
            </full-stacktrace>
          </exception> <!-- java.lang.AssertionError -->
          <reporter-output>
          </reporter-output>
        </test-method> <!-- ValidRegister -->
        <test-method is-config="true" signature="Teardown()[pri:0, instance:com.NetBanking.TestCases.TC_Login_005@2421cc4]" started-at="2022-10-16T22:47:06Z" name="Teardown" finished-at="2022-10-16T22:47:06Z" duration-ms="167" status="PASS">
          <reporter-output>
          </reporter-output>
        </test-method> <!-- Teardown -->
      </class> <!-- com.NetBanking.TestCases.TC_Login_005 -->
      <class name="com.NetBanking.TestCases.TC_Login_001">
        <test-method is-config="true" signature="Setup(java.lang.String)[pri:0, instance:com.NetBanking.TestCases.TC_Login_001@68702e03]" started-at="2022-10-16T22:46:22Z" name="Setup" finished-at="2022-10-16T22:46:29Z" duration-ms="7008" status="PASS">
          <params>
            <param index="0">
              <value>
                <![CDATA[chrome]]>
              </value>
            </param>
          </params>
          <reporter-output>
          </reporter-output>
        </test-method> <!-- Setup -->
        <test-method signature="Valid()[pri:0, instance:com.NetBanking.TestCases.TC_Login_001@68702e03]" started-at="2022-10-16T22:46:29Z" name="Valid" finished-at="2022-10-16T22:46:33Z" duration-ms="3360" status="PASS">
          <reporter-output>
          </reporter-output>
        </test-method> <!-- Valid -->
        <test-method is-config="true" signature="Teardown()[pri:0, instance:com.NetBanking.TestCases.TC_Login_001@68702e03]" started-at="2022-10-16T22:46:33Z" name="Teardown" finished-at="2022-10-16T22:46:33Z" duration-ms="237" status="PASS">
          <reporter-output>
          </reporter-output>
        </test-method> <!-- Teardown -->
      </class> <!-- com.NetBanking.TestCases.TC_Login_001 -->
      <class name="com.NetBanking.TestCases.TC_Login_003">
        <test-method is-config="true" signature="Setup(java.lang.String)[pri:0, instance:com.NetBanking.TestCases.TC_Login_003@7a220c9a]" started-at="2022-10-16T22:46:33Z" name="Setup" finished-at="2022-10-16T22:46:39Z" duration-ms="5926" status="PASS">
          <params>
            <param index="0">
              <value>
                <![CDATA[chrome]]>
              </value>
            </param>
          </params>
          <reporter-output>
          </reporter-output>
        </test-method> <!-- Setup -->
        <test-method signature="loginDDT(java.lang.String, java.lang.String)[pri:0, instance:com.NetBanking.TestCases.TC_Login_003@7a220c9a]" started-at="2022-10-16T22:46:40Z" name="loginDDT" data-provider="TestData" finished-at="2022-10-16T22:46:44Z" duration-ms="4686" status="PASS">
          <params>
            <param index="0">
              <value>
                <![CDATA[mngr447045]]>
              </value>
            </param>
            <param index="1">
              <value>
                <![CDATA[vedUjuj]]>
              </value>
            </param>
          </params>
          <reporter-output>
          </reporter-output>
        </test-method> <!-- loginDDT -->
        <test-method signature="loginDDT(java.lang.String, java.lang.String)[pri:0, instance:com.NetBanking.TestCases.TC_Login_003@7a220c9a]" started-at="2022-10-16T22:46:44Z" name="loginDDT" data-provider="TestData" finished-at="2022-10-16T22:46:47Z" duration-ms="2508" status="PASS">
          <params>
            <param index="0">
              <value>
                <![CDATA[mngr447047]]>
              </value>
            </param>
            <param index="1">
              <value>
                <![CDATA[vedUjuk]]>
              </value>
            </param>
          </params>
          <reporter-output>
          </reporter-output>
        </test-method> <!-- loginDDT -->
        <test-method signature="loginDDT(java.lang.String, java.lang.String)[pri:0, instance:com.NetBanking.TestCases.TC_Login_003@7a220c9a]" started-at="2022-10-16T22:46:47Z" name="loginDDT" data-provider="TestData" finished-at="2022-10-16T22:46:51Z" duration-ms="3977" status="PASS">
          <params>
            <param index="0">
              <value>
                <![CDATA[mngr447045]]>
              </value>
            </param>
            <param index="1">
              <value>
                <![CDATA[vedUjuj]]>
              </value>
            </param>
          </params>
          <reporter-output>
          </reporter-output>
        </test-method> <!-- loginDDT -->
        <test-method signature="loginDDT(java.lang.String, java.lang.String)[pri:0, instance:com.NetBanking.TestCases.TC_Login_003@7a220c9a]" started-at="2022-10-16T22:46:51Z" name="loginDDT" data-provider="TestData" finished-at="2022-10-16T22:46:54Z" duration-ms="2976" status="PASS">
          <params>
            <param index="0">
              <value>
                <![CDATA[mngr447046]]>
              </value>
            </param>
            <param index="1">
              <value>
                <![CDATA[vedUjuk]]>
              </value>
            </param>
          </params>
          <reporter-output>
          </reporter-output>
        </test-method> <!-- loginDDT -->
        <test-method signature="loginDDT(java.lang.String, java.lang.String)[pri:0, instance:com.NetBanking.TestCases.TC_Login_003@7a220c9a]" started-at="2022-10-16T22:46:54Z" name="loginDDT" data-provider="TestData" finished-at="2022-10-16T22:46:56Z" duration-ms="2482" status="PASS">
          <params>
            <param index="0">
              <value>
                <![CDATA[mngr447046]]>
              </value>
            </param>
            <param index="1">
              <value>
                <![CDATA[vedUjuj]]>
              </value>
            </param>
          </params>
          <reporter-output>
          </reporter-output>
        </test-method> <!-- loginDDT -->
        <test-method is-config="true" signature="Teardown()[pri:0, instance:com.NetBanking.TestCases.TC_Login_003@7a220c9a]" started-at="2022-10-16T22:46:56Z" name="Teardown" finished-at="2022-10-16T22:46:57Z" duration-ms="209" status="PASS">
          <reporter-output>
          </reporter-output>
        </test-method> <!-- Teardown -->
      </class> <!-- com.NetBanking.TestCases.TC_Login_003 -->
    </test> <!-- Test -->
  </suite> <!-- Suite -->
</testng-results>
